<?xml version="1.0" encoding="UTF-8"?>
<!-- Generated by org.testng.reporters.JUnitReportReporter -->
<testsuite name="com.eagle.testcases.LoginEMB" tests="1" time="5.767" ignored="0" failures="0" timestamp="29 Aug 2019 08:15:05 GMT" skipped="0" hostname="DESKTOP-CN3G2S6" errors="0">
  <testcase name="Loginstartapplication" time="5.767" classname="com.eagle.testcases.LoginEMB"/>
</testsuite> <!-- com.eagle.testcases.LoginEMB -->
