<?xml version="1.0" encoding="UTF-8"?>
<!-- Generated by org.testng.reporters.JUnitReportReporter -->
<testsuite name="com.eagle.qa.testcases.SelectingEmail_group" tests="1" time="32.848" ignored="0" failures="0" timestamp="12 Sep 2019 11:09:17 GMT" skipped="0" hostname="DESKTOP-CN3G2S6" errors="0">
  <testcase name="SelectdropEmailgroup" time="32.848" classname="com.eagle.qa.testcases.SelectingEmail_group"/>
</testsuite> <!-- com.eagle.qa.testcases.SelectingEmail_group -->
