<?xml version="1.0" encoding="UTF-8"?>
<!-- Generated by org.testng.reporters.JUnitReportReporter -->
<testsuite name="com.eagle.qa.testcases.Home_Information" tests="5" time="60.737" ignored="0" failures="0" timestamp="12 Sep 2019 11:09:17 GMT" skipped="0" hostname="DESKTOP-CN3G2S6" errors="0">
  <testcase name="Account_Info" time="11.853" classname="com.eagle.qa.testcases.Home_Information"/>
  <testcase name="Account_Number" time="12.307" classname="com.eagle.qa.testcases.Home_Information"/>
  <testcase name="Next_Billing_Date" time="12.277" classname="com.eagle.qa.testcases.Home_Information"/>
  <testcase name="Current_Package" time="12.393" classname="com.eagle.qa.testcases.Home_Information"/>
  <testcase name="Alternate_Account" time="11.907" classname="com.eagle.qa.testcases.Home_Information"/>
</testsuite> <!-- com.eagle.qa.testcases.Home_Information -->
