<?xml version="1.0" encoding="UTF-8"?>
<!-- Generated by org.testng.reporters.JUnitReportReporter -->
<testsuite name="com.eagle.qa.testcases.Payment_test" tests="1" time="17.949" ignored="0" failures="0" timestamp="12 Sep 2019 11:09:17 GMT" skipped="0" hostname="DESKTOP-CN3G2S6" errors="0">
  <testcase name="payment" time="17.949" classname="com.eagle.qa.testcases.Payment_test"/>
</testsuite> <!-- com.eagle.qa.testcases.Payment_test -->
