<?xml version="1.0" encoding="UTF-8"?>
<!-- Generated by org.testng.reporters.JUnitReportReporter -->
<testsuite name="com.eagle.qa.testcases.Conference_both" tests="1" time="8.984" ignored="0" failures="0" timestamp="12 Sep 2019 11:09:17 GMT" skipped="0" hostname="DESKTOP-CN3G2S6" errors="0">
  <testcase name="WebConference__invitation_both" time="8.984" classname="com.eagle.qa.testcases.Conference_both"/>
</testsuite> <!-- com.eagle.qa.testcases.Conference_both -->
