<?xml version="1.0" encoding="UTF-8"?>
<!-- Generated by org.testng.reporters.JUnitReportReporter -->
<testsuite name="com.eagle.qa.testcases.Moderator" tests="2" time="43.074" ignored="0" failures="0" timestamp="12 Sep 2019 11:09:17 GMT" skipped="0" hostname="DESKTOP-CN3G2S6" errors="0">
  <testcase name="Morderotor" time="21.612" classname="com.eagle.qa.testcases.Moderator"/>
  <testcase name="Participant_Passcode" time="21.462" classname="com.eagle.qa.testcases.Moderator"/>
</testsuite> <!-- com.eagle.qa.testcases.Moderator -->
