<?xml version="1.0" encoding="UTF-8"?>
<!-- Generated by org.testng.reporters.JUnitReportReporter -->
<testsuite name="com.eagle.qa.testcases.Log_and_report" tests="7" time="179.132" ignored="0" failures="0" timestamp="12 Sep 2019 11:09:17 GMT" skipped="0" hostname="DESKTOP-CN3G2S6" errors="0">
  <testcase name="yestrday_report" time="17.432" classname="com.eagle.qa.testcases.Log_and_report"/>
  <testcase name="today_Report" time="17.257" classname="com.eagle.qa.testcases.Log_and_report"/>
  <testcase name="lastmonth_Report" time="17.397" classname="com.eagle.qa.testcases.Log_and_report"/>
  <testcase name="last7day_Report" time="16.804" classname="com.eagle.qa.testcases.Log_and_report"/>
  <testcase name="Log_and_Report" time="74.657" classname="com.eagle.qa.testcases.Log_and_report"/>
  <testcase name="last30day_Report" time="18.210" classname="com.eagle.qa.testcases.Log_and_report"/>
  <testcase name="thismonth_Report" time="17.375" classname="com.eagle.qa.testcases.Log_and_report"/>
</testsuite> <!-- com.eagle.qa.testcases.Log_and_report -->
