<?xml version="1.0" encoding="UTF-8"?>
<!-- Generated by org.testng.reporters.JUnitReportReporter -->
<testsuite name="com.eagle.qa.testcases.Profile_page_testcase" tests="2" time="105.282" ignored="0" failures="0" timestamp="12 Sep 2019 11:09:17 GMT" skipped="0" hostname="DESKTOP-CN3G2S6" errors="0">
  <testcase name="UpdateandediteProfile" time="52.825" classname="com.eagle.qa.testcases.Profile_page_testcase"/>
  <testcase name="UpdateandediteProfile" time="52.457" classname="com.eagle.qa.testcases.Profile_page_testcase"/>
</testsuite> <!-- com.eagle.qa.testcases.Profile_page_testcase -->
