<?xml version="1.0" encoding="UTF-8"?>
<!-- Generated by org.testng.reporters.JUnitReportReporter -->
<testsuite name="com.eagle.qa.testcases.Deletegroup_one_by_one" tests="4" time="111.718" ignored="0" failures="0" timestamp="12 Sep 2019 11:09:17 GMT" skipped="0" hostname="DESKTOP-CN3G2S6" errors="0">
  <testcase name="Groupdelete2_successfuly" time="27.818" classname="com.eagle.qa.testcases.Deletegroup_one_by_one"/>
  <testcase name="Groupdelete_successfuly" time="28.744" classname="com.eagle.qa.testcases.Deletegroup_one_by_one"/>
  <testcase name="Groupdelete3_successfuly" time="27.474" classname="com.eagle.qa.testcases.Deletegroup_one_by_one"/>
  <testcase name="Groupdelete4_successfuly" time="27.682" classname="com.eagle.qa.testcases.Deletegroup_one_by_one"/>
</testsuite> <!-- com.eagle.qa.testcases.Deletegroup_one_by_one -->
