<?xml version="1.0" encoding="UTF-8"?>
<!-- Generated by org.testng.reporters.JUnitReportReporter -->
<testsuite name="com.eagle.qa.testcases.HomepageTest" tests="2" time="106.999" ignored="0" failures="0" timestamp="12 Sep 2019 08:24:01 GMT" skipped="0" hostname="DESKTOP-CN3G2S6" errors="0">
  <testcase name="UpdateandediteProfile" time="53.184" classname="com.eagle.qa.testcases.HomepageTest"/>
  <testcase name="UpdateandediteProfile" time="53.815" classname="com.eagle.qa.testcases.HomepageTest"/>
</testsuite> <!-- com.eagle.qa.testcases.HomepageTest -->
